# JRE version: OpenJDK Runtime Environment (8.0_112-b06) (build 1.8.0_112-release-b06)
# Java VM: OpenJDK 64-Bit Server VM (25.112-b06 mixed mode windows-amd64 compressed oops)
Heap:
 PSYoungGen      total 159744K, used 7374K [0x00000000e0000000, 0x00000000ee600000, 0x0000000100000000)
  eden space 135168K, 5% used [0x00000000e0000000,0x00000000e0733a18,0x00000000e8400000)
  from space 24576K, 0% used [0x00000000e8400000,0x00000000e8400000,0x00000000e9c00000)
  to   space 28672K, 0% used [0x00000000eca00000,0x00000000eca00000,0x00000000ee600000)
 ParOldGen       total 164864K, used 46901K [0x00000000a0000000, 0x00000000aa100000, 0x00000000e0000000)
  object space 164864K, 28% used [0x00000000a0000000,0x00000000a2dcd580,0x00000000aa100000)
 Metaspace       used 56901K, capacity 59378K, committed 59520K, reserved 1099776K
  class space    used 7710K, capacity 8268K, committed 8320K, reserved 1048576K
GC Heap History (10 events):
Event: 9.436 GC heap before
{Heap before GC invocations=14 (full 2):
 PSYoungGen      total 94208K, used 94202K [0x00000000e0000000, 0x00000000e8200000, 0x0000000100000000)
  eden space 83456K, 100% used [0x00000000e0000000,0x00000000e5180000,0x00000000e5180000)
  from space 10752K, 99% used [0x00000000e5180000,0x00000000e5bfe9d8,0x00000000e5c00000)
  to   space 12288K, 0% used [0x00000000e7600000,0x00000000e7600000,0x00000000e8200000)
 ParOldGen       total 99840K, used 16196K [0x00000000a0000000, 0x00000000a6180000, 0x00000000e0000000)
  object space 99840K, 16% used [0x00000000a0000000,0x00000000a0fd10b8,0x00000000a6180000)
 Metaspace       used 47217K, capacity 48744K, committed 49024K, reserved 1091584K
  class space    used 6405K, capacity 6748K, committed 6784K, reserved 1048576K
Event: 9.460 GC heap after
Heap after GC invocations=14 (full 2):
 PSYoungGen      total 118272K, used 12275K [0x00000000e0000000, 0x00000000e8900000, 0x0000000100000000)
  eden space 105984K, 0% used [0x00000000e0000000,0x00000000e0000000,0x00000000e6780000)
  from space 12288K, 99% used [0x00000000e7600000,0x00000000e81fcca8,0x00000000e8200000)
  to   space 14848K, 0% used [0x00000000e6780000,0x00000000e6780000,0x00000000e7600000)
 ParOldGen       total 99840K, used 19870K [0x00000000a0000000, 0x00000000a6180000, 0x00000000e0000000)
  object space 99840K, 19% used [0x00000000a0000000,0x00000000a1367860,0x00000000a6180000)
 Metaspace       used 47217K, capacity 48744K, committed 49024K, reserved 1091584K
  class space    used 6405K, capacity 6748K, committed 6784K, reserved 1048576K
}
Event: 10.674 GC heap before
{Heap before GC invocations=15 (full 2):
 PSYoungGen      total 118272K, used 118259K [0x00000000e0000000, 0x00000000e8900000, 0x0000000100000000)
  eden space 105984K, 100% used [0x00000000e0000000,0x00000000e6780000,0x00000000e6780000)
  from space 12288K, 99% used [0x00000000e7600000,0x00000000e81fcca8,0x00000000e8200000)
  to   space 14848K, 0% used [0x00000000e6780000,0x00000000e6780000,0x00000000e7600000)
 ParOldGen       total 99840K, used 19870K [0x00000000a0000000, 0x00000000a6180000, 0x00000000e0000000)
  object space 99840K, 19% used [0x00000000a0000000,0x00000000a1367860,0x00000000a6180000)
 Metaspace       used 50168K, capacity 51826K, committed 52096K, reserved 1093632K
  class space    used 6849K, capacity 7265K, committed 7296K, reserved 1048576K
Event: 10.693 GC heap after
Heap after GC invocations=15 (full 2):
 PSYoungGen      total 120832K, used 14832K [0x00000000e0000000, 0x00000000eaf80000, 0x0000000100000000)
  eden space 105984K, 0% used [0x00000000e0000000,0x00000000e0000000,0x00000000e6780000)
  from space 14848K, 99% used [0x00000000e6780000,0x00000000e75fc008,0x00000000e7600000)
  to   space 19968K, 0% used [0x00000000e9c00000,0x00000000e9c00000,0x00000000eaf80000)
 ParOldGen       total 99840K, used 28568K [0x00000000a0000000, 0x00000000a6180000, 0x00000000e0000000)
  object space 99840K, 28% used [0x00000000a0000000,0x00000000a1be6008,0x00000000a6180000)
 Metaspace       used 50168K, capacity 51826K, committed 52096K, reserved 1093632K
  class space    used 6849K, capacity 7265K, committed 7296K, reserved 1048576K
}
Event: 14.958 GC heap before
{Heap before GC invocations=16 (full 2):
 PSYoungGen      total 120832K, used 120816K [0x00000000e0000000, 0x00000000eaf80000, 0x0000000100000000)
  eden space 105984K, 100% used [0x00000000e0000000,0x00000000e6780000,0x00000000e6780000)
  from space 14848K, 99% used [0x00000000e6780000,0x00000000e75fc008,0x00000000e7600000)
  to   space 19968K, 0% used [0x00000000e9c00000,0x00000000e9c00000,0x00000000eaf80000)
 ParOldGen       total 99840K, used 28568K [0x00000000a0000000, 0x00000000a6180000, 0x00000000e0000000)
  object space 99840K, 28% used [0x00000000a0000000,0x00000000a1be6008,0x00000000a6180000)
 Metaspace       used 54108K, capacity 56408K, committed 56576K, reserved 1097728K
  class space    used 7366K, capacity 7881K, committed 7936K, reserved 1048576K
Event: 14.978 GC heap after
Heap after GC invocations=16 (full 2):
 PSYoungGen      total 155136K, used 19939K [0x00000000e0000000, 0x00000000eb580000, 0x0000000100000000)
  eden space 135168K, 0% used [0x00000000e0000000,0x00000000e0000000,0x00000000e8400000)
  from space 19968K, 99% used [0x00000000e9c00000,0x00000000eaf78cd8,0x00000000eaf80000)
  to   space 24576K, 0% used [0x00000000e8400000,0x00000000e8400000,0x00000000e9c00000)
 ParOldGen       total 99840K, used 33557K [0x00000000a0000000, 0x00000000a6180000, 0x00000000e0000000)
  object space 99840K, 33% used [0x00000000a0000000,0x00000000a20c55f8,0x00000000a6180000)
 Metaspace       used 54108K, capacity 56408K, committed 56576K, reserved 1097728K
  class space    used 7366K, capacity 7881K, committed 7936K, reserved 1048576K
}
Event: 17.381 GC heap before
{Heap before GC invocations=17 (full 2):
 PSYoungGen      total 155136K, used 75261K [0x00000000e0000000, 0x00000000eb580000, 0x0000000100000000)
  eden space 135168K, 40% used [0x00000000e0000000,0x00000000e36067e0,0x00000000e8400000)
  from space 19968K, 99% used [0x00000000e9c00000,0x00000000eaf78cd8,0x00000000eaf80000)
  to   space 24576K, 0% used [0x00000000e8400000,0x00000000e8400000,0x00000000e9c00000)
 ParOldGen       total 99840K, used 33557K [0x00000000a0000000, 0x00000000a6180000, 0x00000000e0000000)
  object space 99840K, 33% used [0x00000000a0000000,0x00000000a20c55f8,0x00000000a6180000)
 Metaspace       used 56605K, capacity 59026K, committed 59160K, reserved 1099776K
  class space    used 7675K, capacity 8236K, committed 8320K, reserved 1048576K
Event: 17.445 GC heap after
Heap after GC invocations=17 (full 2):
 PSYoungGen      total 159744K, used 24565K [0x00000000e0000000, 0x00000000ee600000, 0x0000000100000000)
  eden space 135168K, 0% used [0x00000000e0000000,0x00000000e0000000,0x00000000e8400000)
  from space 24576K, 99% used [0x00000000e8400000,0x00000000e9bfd6f0,0x00000000e9c00000)
  to   space 28672K, 0% used [0x00000000eca00000,0x00000000eca00000,0x00000000ee600000)
 ParOldGen       total 99840K, used 34619K [0x00000000a0000000, 0x00000000a6180000, 0x00000000e0000000)
  object space 99840K, 34% used [0x00000000a0000000,0x00000000a21cedc8,0x00000000a6180000)
 Metaspace       used 56605K, capacity 59026K, committed 59160K, reserved 1099776K
  class space    used 7675K, capacity 8236K, committed 8320K, reserved 1048576K
}
Event: 17.445 GC heap before
{Heap before GC invocations=18 (full 3):
 PSYoungGen      total 159744K, used 24565K [0x00000000e0000000, 0x00000000ee600000, 0x0000000100000000)
  eden space 135168K, 0% used [0x00000000e0000000,0x00000000e0000000,0x00000000e8400000)
  from space 24576K, 99% used [0x00000000e8400000,0x00000000e9bfd6f0,0x00000000e9c00000)
  to   space 28672K, 0% used [0x00000000eca00000,0x00000000eca00000,0x00000000ee600000)
 ParOldGen       total 99840K, used 34619K [0x00000000a0000000, 0x00000000a6180000, 0x00000000e0000000)
  object space 99840K, 34% used [0x00000000a0000000,0x00000000a21cedc8,0x00000000a6180000)
 Metaspace       used 56605K, capacity 59026K, committed 59160K, reserved 1099776K
  class space    used 7675K, capacity 8236K, committed 8320K, reserved 1048576K
Event: 18.140 GC heap after
Heap after GC invocations=18 (full 3):
 PSYoungGen      total 159744K, used 0K [0x00000000e0000000, 0x00000000ee600000, 0x0000000100000000)
  eden space 135168K, 0% used [0x00000000e0000000,0x00000000e0000000,0x00000000e8400000)
  from space 24576K, 0% used [0x00000000e8400000,0x00000000e8400000,0x00000000e9c00000)
  to   space 28672K, 0% used [0x00000000eca00000,0x00000000eca00000,0x00000000ee600000)
 ParOldGen       total 164864K, used 46901K [0x00000000a0000000, 0x00000000aa100000, 0x00000000e0000000)
  object space 164864K, 28% used [0x00000000a0000000,0x00000000a2dcd580,0x00000000aa100000)
 Metaspace       used 56605K, capacity 59026K, committed 59160K, reserved 1099776K
  class space    used 7675K, capacity 8236K, committed 8320K, reserved 1048576K
}

